<?xml version="1.0" encoding="UTF-8"?>
<!-- Generated by org.testng.reporters.JUnitReportReporter -->
<testsuite hostname="UKLONDLP66" failures="0" tests="1" name="DoJo.DoJoApplication" time="78.446" errors="0" timestamp="2020-02-26T15:17:02 GMT" skipped="0">
  <testcase classname="DoJo.DoJoApplication" name="ProgrammaticNestedTabs" time="78.446"/>
</testsuite> <!-- DoJo.DoJoApplication -->
